com.cognizant.framework.FrameworkException: 'admin admin link' Element(s) NOT Found
	at componentgroups.GenericFunctions.checkElementExists(GenericFunctions.java:167)
	at uimap.HomePage.getAutoAdminLink(HomePage.java:51)
	at businesscomponents.BVT_TC2.changePassword(BVT_TC2.java:32)
	at sun.reflect.NativeMethodAccessorImpl.invoke0(Native Method)
	at sun.reflect.NativeMethodAccessorImpl.invoke(Unknown Source)
	at sun.reflect.DelegatingMethodAccessorImpl.invoke(Unknown Source)
	at java.lang.reflect.Method.invoke(Unknown Source)
	at supportlibraries.DriverScript.invokeBusinessComponent(DriverScript.java:349)
	at supportlibraries.DriverScript.executeTestcase(DriverScript.java:310)
	at supportlibraries.DriverScript.executeTestIterations(DriverScript.java:271)
	at supportlibraries.DriverScript.driveTestExecution(DriverScript.java:88)
	at sun.reflect.NativeMethodAccessorImpl.invoke0(Native Method)
	at sun.reflect.NativeMethodAccessorImpl.invoke(Unknown Source)
	at sun.reflect.DelegatingMethodAccessorImpl.invoke(Unknown Source)
	at java.lang.reflect.Method.invoke(Unknown Source)
	at allocator.ParallelRunner.invokeTestScript(ParallelRunner.java:81)
	at allocator.ParallelRunner.run(ParallelRunner.java:42)
	at java.util.concurrent.ThreadPoolExecutor.runWorker(Unknown Source)
	at java.util.concurrent.ThreadPoolExecutor$Worker.run(Unknown Source)
	at java.lang.Thread.run(Unknown Source)
java.lang.reflect.InvocationTargetException
	at sun.reflect.NativeMethodAccessorImpl.invoke0(Native Method)
	at sun.reflect.NativeMethodAccessorImpl.invoke(Unknown Source)
	at sun.reflect.DelegatingMethodAccessorImpl.invoke(Unknown Source)
	at java.lang.reflect.Method.invoke(Unknown Source)
	at allocator.ParallelRunner.invokeTestScript(ParallelRunner.java:81)
	at allocator.ParallelRunner.run(ParallelRunner.java:42)
	at java.util.concurrent.ThreadPoolExecutor.runWorker(Unknown Source)
	at java.util.concurrent.ThreadPoolExecutor$Worker.run(Unknown Source)
	at java.lang.Thread.run(Unknown Source)
Caused by: java.lang.AssertionError: 'admin admin link' Element(s) NOT Found
	at org.junit.Assert.fail(Assert.java:88)
	at supportlibraries.DriverScript.wrapUp(DriverScript.java:412)
	at supportlibraries.DriverScript.exceptionHandler(DriverScript.java:397)
	at supportlibraries.DriverScript.executeTestIterations(DriverScript.java:275)
	at supportlibraries.DriverScript.driveTestExecution(DriverScript.java:88)
	... 9 more
